2015-04-23 09:50:07,669 [20] ERROR EPiServer.Global: 1.2.5 Unhandled exception in ASP.NET
System.Web.HttpUnhandledException (0x80004005): Exception of type 'System.Web.HttpUnhandledException' was thrown. ---> System.Web.HttpException (0x80004005): Cannot find ContentPlaceHolder 'right' in the master page '/Views/MasterPages/Site.Master', verify content control's ContentPlaceHolderID attribute in the content page.
   at System.Web.UI.MasterPage.CreateMaster(TemplateControl owner, HttpContext context, VirtualPath masterPageFile, IDictionary contentTemplateCollection)
   at System.Web.UI.Page.get_Master()
   at System.Web.UI.Page.ApplyMasterPage()
   at System.Web.UI.Page.PerformPreInit()
   at System.Web.UI.Page.ProcessRequestMain(Boolean includeStagesBeforeAsyncPoint, Boolean includeStagesAfterAsyncPoint)
   at System.Web.UI.Page.HandleError(Exception e)
   at System.Web.UI.Page.ProcessRequestMain(Boolean includeStagesBeforeAsyncPoint, Boolean includeStagesAfterAsyncPoint)
   at System.Web.UI.Page.ProcessRequest(Boolean includeStagesBeforeAsyncPoint, Boolean includeStagesAfterAsyncPoint)
   at System.Web.UI.Page.ProcessRequest()
   at System.Web.UI.Page.ProcessRequestWithNoAssert(HttpContext context)
   at System.Web.UI.Page.ProcessRequest(HttpContext context)
   at ASP.views_pages_standardpagetemplate_aspx.ProcessRequest(HttpContext context) in c:\Users\Jack\AppData\Local\Temp\Temporary ASP.NET Files\vs\f2cd1a7e\62969c41\App_Web_tkji1zhi.1.cs:line 0
   at System.Web.HttpApplication.CallHandlerExecutionStep.System.Web.HttpApplication.IExecutionStep.Execute()
   at System.Web.HttpApplication.ExecuteStep(IExecutionStep step, Boolean& completedSynchronously)
System.Web.HttpUnhandledException (0x80004005): Exception of type 'System.Web.HttpUnhandledException' was thrown. ---> System.Web.HttpException (0x80004005): Cannot find ContentPlaceHolder 'right' in the master page '/Views/MasterPages/Site.Master', verify content control's ContentPlaceHolderID attribute in the content page.
   at System.Web.UI.MasterPage.CreateMaster(TemplateControl owner, HttpContext context, VirtualPath masterPageFile, IDictionary contentTemplateCollection)
   at System.Web.UI.Page.get_Master()
   at System.Web.UI.Page.ApplyMasterPage()
   at System.Web.UI.Page.PerformPreInit()
   at System.Web.UI.Page.ProcessRequestMain(Boolean includeStagesBeforeAsyncPoint, Boolean includeStagesAfterAsyncPoint)
   at System.Web.UI.Page.HandleError(Exception e)
   at System.Web.UI.Page.ProcessRequestMain(Boolean includeStagesBeforeAsyncPoint, Boolean includeStagesAfterAsyncPoint)
   at System.Web.UI.Page.ProcessRequest(Boolean includeStagesBeforeAsyncPoint, Boolean includeStagesAfterAsyncPoint)
   at System.Web.UI.Page.ProcessRequest()
   at System.Web.UI.Page.ProcessRequestWithNoAssert(HttpContext context)
   at System.Web.UI.Page.ProcessRequest(HttpContext context)
   at ASP.views_pages_standardpagetemplate_aspx.ProcessRequest(HttpContext context) in c:\Users\Jack\AppData\Local\Temp\Temporary ASP.NET Files\vs\f2cd1a7e\62969c41\App_Web_tkji1zhi.1.cs:line 0
   at System.Web.HttpApplication.CallHandlerExecutionStep.System.Web.HttpApplication.IExecutionStep.Execute()
   at System.Web.HttpApplication.ExecuteStep(IExecutionStep step, Boolean& completedSynchronously)
2015-04-23 09:57:04,871 [1] ERROR EPiServer.Framework.Initialization.InitializationEngine: Initialize action failed for Initialize on class EPiServer.Data.DataInitialization, EPiServer.Data, Version=8.0.0.0, Culture=neutral, PublicKeyToken=8fe83dea738b45b7
System.Data.SqlClient.SqlException (0x80131904): Cannot open database "EPiServerDB_f8a16d32" requested by the login. The login failed.
Login failed for user 'JackPC\Jack'.
   vid System.Data.SqlClient.SqlInternalConnection.OnError(SqlException exception, Boolean breakConnection, Action`1 wrapCloseInAction)
   vid System.Data.SqlClient.TdsParser.ThrowExceptionAndWarning(TdsParserStateObject stateObj, Boolean callerHasConnectionLock, Boolean asyncClose)
   vid System.Data.SqlClient.TdsParser.TryRun(RunBehavior runBehavior, SqlCommand cmdHandler, SqlDataReader dataStream, BulkCopySimpleResultSet bulkCopyHandler, TdsParserStateObject stateObj, Boolean& dataReady)
   vid System.Data.SqlClient.TdsParser.Run(RunBehavior runBehavior, SqlCommand cmdHandler, SqlDataReader dataStream, BulkCopySimpleResultSet bulkCopyHandler, TdsParserStateObject stateObj)
   vid System.Data.SqlClient.SqlInternalConnectionTds.CompleteLogin(Boolean enlistOK)
   vid System.Data.SqlClient.SqlInternalConnectionTds.AttemptOneLogin(ServerInfo serverInfo, String newPassword, SecureString newSecurePassword, Boolean ignoreSniOpenTimeout, TimeoutTimer timeout, Boolean withFailover)
   vid System.Data.SqlClient.SqlInternalConnectionTds.LoginNoFailover(ServerInfo serverInfo, String newPassword, SecureString newSecurePassword, Boolean redirectedUserInstance, SqlConnectionString connectionOptions, SqlCredential credential, TimeoutTimer timeout)
   vid System.Data.SqlClient.SqlInternalConnectionTds.OpenLoginEnlist(TimeoutTimer timeout, SqlConnectionString connectionOptions, SqlCredential credential, String newPassword, SecureString newSecurePassword, Boolean redirectedUserInstance)
   vid System.Data.SqlClient.SqlInternalConnectionTds..ctor(DbConnectionPoolIdentity identity, SqlConnectionString connectionOptions, SqlCredential credential, Object providerInfo, String newPassword, SecureString newSecurePassword, Boolean redirectedUserInstance, SqlConnectionString userConnectionOptions, SessionData reconnectSessionData)
   vid System.Data.SqlClient.SqlConnectionFactory.CreateConnection(DbConnectionOptions options, DbConnectionPoolKey poolKey, Object poolGroupProviderInfo, DbConnectionPool pool, DbConnection owningConnection, DbConnectionOptions userOptions)
   vid System.Data.ProviderBase.DbConnectionFactory.CreatePooledConnection(DbConnectionPool pool, DbConnection owningObject, DbConnectionOptions options, DbConnectionPoolKey poolKey, DbConnectionOptions userOptions)
   vid System.Data.ProviderBase.DbConnectionPool.CreateObject(DbConnection owningObject, DbConnectionOptions userOptions, DbConnectionInternal oldConnection)
   vid System.Data.ProviderBase.DbConnectionPool.UserCreateRequest(DbConnection owningObject, DbConnectionOptions userOptions, DbConnectionInternal oldConnection)
   vid System.Data.ProviderBase.DbConnectionPool.TryGetConnection(DbConnection owningObject, UInt32 waitForMultipleObjectsTimeout, Boolean allowCreate, Boolean onlyOneCheckConnection, DbConnectionOptions userOptions, DbConnectionInternal& connection)
   vid System.Data.ProviderBase.DbConnectionPool.TryGetConnection(DbConnection owningObject, TaskCompletionSource`1 retry, DbConnectionOptions userOptions, DbConnectionInternal& connection)
   vid System.Data.ProviderBase.DbConnectionFactory.TryGetConnection(DbConnection owningConnection, TaskCompletionSource`1 retry, DbConnectionOptions userOptions, DbConnectionInternal oldConnection, DbConnectionInternal& connection)
   vid System.Data.ProviderBase.DbConnectionInternal.TryOpenConnectionInternal(DbConnection outerConnection, DbConnectionFactory connectionFactory, TaskCompletionSource`1 retry, DbConnectionOptions userOptions)
   vid System.Data.ProviderBase.DbConnectionClosed.TryOpenConnection(DbConnection outerConnection, DbConnectionFactory connectionFactory, TaskCompletionSource`1 retry, DbConnectionOptions userOptions)
   vid System.Data.SqlClient.SqlConnection.TryOpenInner(TaskCompletionSource`1 retry)
   vid System.Data.SqlClient.SqlConnection.TryOpen(TaskCompletionSource`1 retry)
   vid System.Data.SqlClient.SqlConnection.Open()
   vid EPiServer.Data.Providers.ConnectionContext.<OpenConnection>b__0()
   vid EPiServer.Data.Providers.SqlTransientErrorsRetryPolicy.Execute[TResult](Func`1 method)
   vid EPiServer.Data.Providers.ConnectionContext.OpenConnection()
   vid EPiServer.Data.Providers.SqlDatabaseHandler.GetConnection(Boolean requireTransaction)
   vid EPiServer.Data.Providers.SqlDatabaseHandler.<>c__DisplayClass1`1.<Execute>b__0()
   vid EPiServer.Data.Providers.SqlTransientErrorsRetryPolicy.Execute[TResult](Func`1 method)
   vid EPiServer.Data.Providers.SqlDatabaseHandler.Execute[TResult](Func`1 action)
   vid EPiServer.Data.DatabaseVersionValidator.GetDatabaseVersion()
   vid EPiServer.Data.DatabaseVersionValidator.ValidateDatabaseVersion(Version supportedVersion)
   vid EPiServer.Data.DataInitialization.Initialize(InitializationEngine context)
   vid EPiServer.Framework.Initialization.ModuleNode.<>c__DisplayClass5.<Initialize>b__4()
   vid EPiServer.Framework.Initialization.ModuleNode.Execute(Action a, String key)
   vid EPiServer.Framework.Initialization.ModuleNode.Initialize(InitializationEngine context)
   vid EPiServer.Framework.Initialization.InitializationEngine.InitializeModules()
ClientConnectionId:29c2d01c-dde2-4fe1-9d86-e0a79ebf14dc
System.Data.SqlClient.SqlException (0x80131904): Cannot open database "EPiServerDB_f8a16d32" requested by the login. The login failed.
Login failed for user 'JackPC\Jack'.
   vid System.Data.SqlClient.SqlInternalConnection.OnError(SqlException exception, Boolean breakConnection, Action`1 wrapCloseInAction)
   vid System.Data.SqlClient.TdsParser.ThrowExceptionAndWarning(TdsParserStateObject stateObj, Boolean callerHasConnectionLock, Boolean asyncClose)
   vid System.Data.SqlClient.TdsParser.TryRun(RunBehavior runBehavior, SqlCommand cmdHandler, SqlDataReader dataStream, BulkCopySimpleResultSet bulkCopyHandler, TdsParserStateObject stateObj, Boolean& dataReady)
   vid System.Data.SqlClient.TdsParser.Run(RunBehavior runBehavior, SqlCommand cmdHandler, SqlDataReader dataStream, BulkCopySimpleResultSet bulkCopyHandler, TdsParserStateObject stateObj)
   vid System.Data.SqlClient.SqlInternalConnectionTds.CompleteLogin(Boolean enlistOK)
   vid System.Data.SqlClient.SqlInternalConnectionTds.AttemptOneLogin(ServerInfo serverInfo, String newPassword, SecureString newSecurePassword, Boolean ignoreSniOpenTimeout, TimeoutTimer timeout, Boolean withFailover)
   vid System.Data.SqlClient.SqlInternalConnectionTds.LoginNoFailover(ServerInfo serverInfo, String newPassword, SecureString newSecurePassword, Boolean redirectedUserInstance, SqlConnectionString connectionOptions, SqlCredential credential, TimeoutTimer timeout)
   vid System.Data.SqlClient.SqlInternalConnectionTds.OpenLoginEnlist(TimeoutTimer timeout, SqlConnectionString connectionOptions, SqlCredential credential, String newPassword, SecureString newSecurePassword, Boolean redirectedUserInstance)
   vid System.Data.SqlClient.SqlInternalConnectionTds..ctor(DbConnectionPoolIdentity identity, SqlConnectionString connectionOptions, SqlCredential credential, Object providerInfo, String newPassword, SecureString newSecurePassword, Boolean redirectedUserInstance, SqlConnectionString userConnectionOptions, SessionData reconnectSessionData)
   vid System.Data.SqlClient.SqlConnectionFactory.CreateConnection(DbConnectionOptions options, DbConnectionPoolKey poolKey, Object poolGroupProviderInfo, DbConnectionPool pool, DbConnection owningConnection, DbConnectionOptions userOptions)
   vid System.Data.ProviderBase.DbConnectionFactory.CreatePooledConnection(DbConnectionPool pool, DbConnection owningObject, DbConnectionOptions options, DbConnectionPoolKey poolKey, DbConnectionOptions userOptions)
   vid System.Data.ProviderBase.DbConnectionPool.CreateObject(DbConnection owningObject, DbConnectionOptions userOptions, DbConnectionInternal oldConnection)
   vid System.Data.ProviderBase.DbConnectionPool.UserCreateRequest(DbConnection owningObject, DbConnectionOptions userOptions, DbConnectionInternal oldConnection)
   vid System.Data.ProviderBase.DbConnectionPool.TryGetConnection(DbConnection owningObject, UInt32 waitForMultipleObjectsTimeout, Boolean allowCreate, Boolean onlyOneCheckConnection, DbConnectionOptions userOptions, DbConnectionInternal& connection)
   vid System.Data.ProviderBase.DbConnectionPool.TryGetConnection(DbConnection owningObject, TaskCompletionSource`1 retry, DbConnectionOptions userOptions, DbConnectionInternal& connection)
   vid System.Data.ProviderBase.DbConnectionFactory.TryGetConnection(DbConnection owningConnection, TaskCompletionSource`1 retry, DbConnectionOptions userOptions, DbConnectionInternal oldConnection, DbConnectionInternal& connection)
   vid System.Data.ProviderBase.DbConnectionInternal.TryOpenConnectionInternal(DbConnection outerConnection, DbConnectionFactory connectionFactory, TaskCompletionSource`1 retry, DbConnectionOptions userOptions)
   vid System.Data.ProviderBase.DbConnectionClosed.TryOpenConnection(DbConnection outerConnection, DbConnectionFactory connectionFactory, TaskCompletionSource`1 retry, DbConnectionOptions userOptions)
   vid System.Data.SqlClient.SqlConnection.TryOpenInner(TaskCompletionSource`1 retry)
   vid System.Data.SqlClient.SqlConnection.TryOpen(TaskCompletionSource`1 retry)
   vid System.Data.SqlClient.SqlConnection.Open()
   vid EPiServer.Data.Providers.ConnectionContext.<OpenConnection>b__0()
   vid EPiServer.Data.Providers.SqlTransientErrorsRetryPolicy.Execute[TResult](Func`1 method)
   vid EPiServer.Data.Providers.ConnectionContext.OpenConnection()
   vid EPiServer.Data.Providers.SqlDatabaseHandler.GetConnection(Boolean requireTransaction)
   vid EPiServer.Data.Providers.SqlDatabaseHandler.<>c__DisplayClass1`1.<Execute>b__0()
   vid EPiServer.Data.Providers.SqlTransientErrorsRetryPolicy.Execute[TResult](Func`1 method)
   vid EPiServer.Data.Providers.SqlDatabaseHandler.Execute[TResult](Func`1 action)
   vid EPiServer.Data.DatabaseVersionValidator.GetDatabaseVersion()
   vid EPiServer.Data.DatabaseVersionValidator.ValidateDatabaseVersion(Version supportedVersion)
   vid EPiServer.Data.DataInitialization.Initialize(InitializationEngine context)
   vid EPiServer.Framework.Initialization.ModuleNode.<>c__DisplayClass5.<Initialize>b__4()
   vid EPiServer.Framework.Initialization.ModuleNode.Execute(Action a, String key)
   vid EPiServer.Framework.Initialization.ModuleNode.Initialize(InitializationEngine context)
   vid EPiServer.Framework.Initialization.InitializationEngine.InitializeModules()
ClientConnectionId:29c2d01c-dde2-4fe1-9d86-e0a79ebf14dc
﻿2015-04-23 10:47:42,410 [1] ERROR EPiServer.Framework.Initialization.InitializationEngine: Initialize action failed for Initialize on class EPiServer.Data.DataInitialization, EPiServer.Data, Version=8.0.0.0, Culture=neutral, PublicKeyToken=8fe83dea738b45b7
System.Data.SqlClient.SqlException (0x80131904): Unable to open the physical file "C:\Users\Jack\Source\Repos\episerver\ProjektUppgiftEPi\ProjektUppgiftEPi\App_Data\EPiServerDB_f8a16d32_log.ldf". Operating system error 32: "32(Det går inte att komma åt filen eftersom den  används av en annan process.)".
Cannot create file 'C:\Users\Jack\Source\Repos\episerver\ProjektUppgiftEPi\ProjektUppgiftEPi\App_Data\EPiServerDB_f8a16d32_log.ldf' because it already exists. Change the file path or the file name, and retry the operation.
Cannot open database "EPiServerDB_f8a16d32" requested by the login. The login failed.
Login failed for user 'JackPC\Jack'.
File activation failure. The physical file name "C:\Users\Jack\Source\Repos\episerver\ProjektUppgiftEPi\ProjektUppgiftEPi\App_Data\EPiServerDB_f8a16d32_log.ldf" may be incorrect.
   vid System.Data.SqlClient.SqlInternalConnection.OnError(SqlException exception, Boolean breakConnection, Action`1 wrapCloseInAction)
   vid System.Data.SqlClient.TdsParser.ThrowExceptionAndWarning(TdsParserStateObject stateObj, Boolean callerHasConnectionLock, Boolean asyncClose)
   vid System.Data.SqlClient.TdsParser.TryRun(RunBehavior runBehavior, SqlCommand cmdHandler, SqlDataReader dataStream, BulkCopySimpleResultSet bulkCopyHandler, TdsParserStateObject stateObj, Boolean& dataReady)
   vid System.Data.SqlClient.TdsParser.Run(RunBehavior runBehavior, SqlCommand cmdHandler, SqlDataReader dataStream, BulkCopySimpleResultSet bulkCopyHandler, TdsParserStateObject stateObj)
   vid System.Data.SqlClient.SqlInternalConnectionTds.CompleteLogin(Boolean enlistOK)
   vid System.Data.SqlClient.SqlInternalConnectionTds.AttemptOneLogin(ServerInfo serverInfo, String newPassword, SecureString newSecurePassword, Boolean ignoreSniOpenTimeout, TimeoutTimer timeout, Boolean withFailover)
   vid System.Data.SqlClient.SqlInternalConnectionTds.LoginNoFailover(ServerInfo serverInfo, String newPassword, SecureString newSecurePassword, Boolean redirectedUserInstance, SqlConnectionString connectionOptions, SqlCredential credential, TimeoutTimer timeout)
   vid System.Data.SqlClient.SqlInternalConnectionTds.OpenLoginEnlist(TimeoutTimer timeout, SqlConnectionString connectionOptions, SqlCredential credential, String newPassword, SecureString newSecurePassword, Boolean redirectedUserInstance)
   vid System.Data.SqlClient.SqlInternalConnectionTds..ctor(DbConnectionPoolIdentity identity, SqlConnectionString connectionOptions, SqlCredential credential, Object providerInfo, String newPassword, SecureString newSecurePassword, Boolean redirectedUserInstance, SqlConnectionString userConnectionOptions, SessionData reconnectSessionData)
   vid System.Data.SqlClient.SqlConnectionFactory.CreateConnection(DbConnectionOptions options, DbConnectionPoolKey poolKey, Object poolGroupProviderInfo, DbConnectionPool pool, DbConnection owningConnection, DbConnectionOptions userOptions)
   vid System.Data.ProviderBase.DbConnectionFactory.CreatePooledConnection(DbConnectionPool pool, DbConnection owningObject, DbConnectionOptions options, DbConnectionPoolKey poolKey, DbConnectionOptions userOptions)
   vid System.Data.ProviderBase.DbConnectionPool.CreateObject(DbConnection owningObject, DbConnectionOptions userOptions, DbConnectionInternal oldConnection)
   vid System.Data.ProviderBase.DbConnectionPool.UserCreateRequest(DbConnection owningObject, DbConnectionOptions userOptions, DbConnectionInternal oldConnection)
   vid System.Data.ProviderBase.DbConnectionPool.TryGetConnection(DbConnection owningObject, UInt32 waitForMultipleObjectsTimeout, Boolean allowCreate, Boolean onlyOneCheckConnection, DbConnectionOptions userOptions, DbConnectionInternal& connection)
   vid System.Data.ProviderBase.DbConnectionPool.TryGetConnection(DbConnection owningObject, TaskCompletionSource`1 retry, DbConnectionOptions userOptions, DbConnectionInternal& connection)
   vid System.Data.ProviderBase.DbConnectionFactory.TryGetConnection(DbConnection owningConnection, TaskCompletionSource`1 retry, DbConnectionOptions userOptions, DbConnectionInternal oldConnection, DbConnectionInternal& connection)
   vid System.Data.ProviderBase.DbConnectionInternal.TryOpenConnectionInternal(DbConnection outerConnection, DbConnectionFactory connectionFactory, TaskCompletionSource`1 retry, DbConnectionOptions userOptions)
   vid System.Data.ProviderBase.DbConnectionClosed.TryOpenConnection(DbConnection outerConnection, DbConnectionFactory connectionFactory, TaskCompletionSource`1 retry, DbConnectionOptions userOptions)
   vid System.Data.SqlClient.SqlConnection.TryOpenInner(TaskCompletionSource`1 retry)
   vid System.Data.SqlClient.SqlConnection.TryOpen(TaskCompletionSource`1 retry)
   vid System.Data.SqlClient.SqlConnection.Open()
   vid EPiServer.Data.Providers.ConnectionContext.<OpenConnection>b__0()
   vid EPiServer.Data.Providers.SqlTransientErrorsRetryPolicy.Execute[TResult](Func`1 method)
   vid EPiServer.Data.Providers.ConnectionContext.OpenConnection()
   vid EPiServer.Data.Providers.SqlDatabaseHandler.GetConnection(Boolean requireTransaction)
   vid EPiServer.Data.Providers.SqlDatabaseHandler.<>c__DisplayClass1`1.<Execute>b__0()
   vid EPiServer.Data.Providers.SqlTransientErrorsRetryPolicy.Execute[TResult](Func`1 method)
   vid EPiServer.Data.Providers.SqlDatabaseHandler.Execute[TResult](Func`1 action)
   vid EPiServer.Data.DatabaseVersionValidator.GetDatabaseVersion()
   vid EPiServer.Data.DatabaseVersionValidator.ValidateDatabaseVersion(Version supportedVersion)
   vid EPiServer.Data.DataInitialization.Initialize(InitializationEngine context)
   vid EPiServer.Framework.Initialization.ModuleNode.<>c__DisplayClass5.<Initialize>b__4()
   vid EPiServer.Framework.Initialization.ModuleNode.Execute(Action a, String key)
   vid EPiServer.Framework.Initialization.ModuleNode.Initialize(InitializationEngine context)
   vid EPiServer.Framework.Initialization.InitializationEngine.InitializeModules()
ClientConnectionId:0c858279-4a52-4b1b-8be7-a3020b6959cf
System.Data.SqlClient.SqlException (0x80131904): Unable to open the physical file "C:\Users\Jack\Source\Repos\episerver\ProjektUppgiftEPi\ProjektUppgiftEPi\App_Data\EPiServerDB_f8a16d32_log.ldf". Operating system error 32: "32(Det går inte att komma åt filen eftersom den  används av en annan process.)".
Cannot create file 'C:\Users\Jack\Source\Repos\episerver\ProjektUppgiftEPi\ProjektUppgiftEPi\App_Data\EPiServerDB_f8a16d32_log.ldf' because it already exists. Change the file path or the file name, and retry the operation.
Cannot open database "EPiServerDB_f8a16d32" requested by the login. The login failed.
Login failed for user 'JackPC\Jack'.
File activation failure. The physical file name "C:\Users\Jack\Source\Repos\episerver\ProjektUppgiftEPi\ProjektUppgiftEPi\App_Data\EPiServerDB_f8a16d32_log.ldf" may be incorrect.
   vid System.Data.SqlClient.SqlInternalConnection.OnError(SqlException exception, Boolean breakConnection, Action`1 wrapCloseInAction)
   vid System.Data.SqlClient.TdsParser.ThrowExceptionAndWarning(TdsParserStateObject stateObj, Boolean callerHasConnectionLock, Boolean asyncClose)
   vid System.Data.SqlClient.TdsParser.TryRun(RunBehavior runBehavior, SqlCommand cmdHandler, SqlDataReader dataStream, BulkCopySimpleResultSet bulkCopyHandler, TdsParserStateObject stateObj, Boolean& dataReady)
   vid System.Data.SqlClient.TdsParser.Run(RunBehavior runBehavior, SqlCommand cmdHandler, SqlDataReader dataStream, BulkCopySimpleResultSet bulkCopyHandler, TdsParserStateObject stateObj)
   vid System.Data.SqlClient.SqlInternalConnectionTds.CompleteLogin(Boolean enlistOK)
   vid System.Data.SqlClient.SqlInternalConnectionTds.AttemptOneLogin(ServerInfo serverInfo, String newPassword, SecureString newSecurePassword, Boolean ignoreSniOpenTimeout, TimeoutTimer timeout, Boolean withFailover)
   vid System.Data.SqlClient.SqlInternalConnectionTds.LoginNoFailover(ServerInfo serverInfo, String newPassword, SecureString newSecurePassword, Boolean redirectedUserInstance, SqlConnectionString connectionOptions, SqlCredential credential, TimeoutTimer timeout)
   vid System.Data.SqlClient.SqlInternalConnectionTds.OpenLoginEnlist(TimeoutTimer timeout, SqlConnectionString connectionOptions, SqlCredential credential, String newPassword, SecureString newSecurePassword, Boolean redirectedUserInstance)
   vid System.Data.SqlClient.SqlInternalConnectionTds..ctor(DbConnectionPoolIdentity identity, SqlConnectionString connectionOptions, SqlCredential credential, Object providerInfo, String newPassword, SecureString newSecurePassword, Boolean redirectedUserInstance, SqlConnectionString userConnectionOptions, SessionData reconnectSessionData)
   vid System.Data.SqlClient.SqlConnectionFactory.CreateConnection(DbConnectionOptions options, DbConnectionPoolKey poolKey, Object poolGroupProviderInfo, DbConnectionPool pool, DbConnection owningConnection, DbConnectionOptions userOptions)
   vid System.Data.ProviderBase.DbConnectionFactory.CreatePooledConnection(DbConnectionPool pool, DbConnection owningObject, DbConnectionOptions options, DbConnectionPoolKey poolKey, DbConnectionOptions userOptions)
   vid System.Data.ProviderBase.DbConnectionPool.CreateObject(DbConnection owningObject, DbConnectionOptions userOptions, DbConnectionInternal oldConnection)
   vid System.Data.ProviderBase.DbConnectionPool.UserCreateRequest(DbConnection owningObject, DbConnectionOptions userOptions, DbConnectionInternal oldConnection)
   vid System.Data.ProviderBase.DbConnectionPool.TryGetConnection(DbConnection owningObject, UInt32 waitForMultipleObjectsTimeout, Boolean allowCreate, Boolean onlyOneCheckConnection, DbConnectionOptions userOptions, DbConnectionInternal& connection)
   vid System.Data.ProviderBase.DbConnectionPool.TryGetConnection(DbConnection owningObject, TaskCompletionSource`1 retry, DbConnectionOptions userOptions, DbConnectionInternal& connection)
   vid System.Data.ProviderBase.DbConnectionFactory.TryGetConnection(DbConnection owningConnection, TaskCompletionSource`1 retry, DbConnectionOptions userOptions, DbConnectionInternal oldConnection, DbConnectionInternal& connection)
   vid System.Data.ProviderBase.DbConnectionInternal.TryOpenConnectionInternal(DbConnection outerConnection, DbConnectionFactory connectionFactory, TaskCompletionSource`1 retry, DbConnectionOptions userOptions)
   vid System.Data.ProviderBase.DbConnectionClosed.TryOpenConnection(DbConnection outerConnection, DbConnectionFactory connectionFactory, TaskCompletionSource`1 retry, DbConnectionOptions userOptions)
   vid System.Data.SqlClient.SqlConnection.TryOpenInner(TaskCompletionSource`1 retry)
   vid System.Data.SqlClient.SqlConnection.TryOpen(TaskCompletionSource`1 retry)
   vid System.Data.SqlClient.SqlConnection.Open()
   vid EPiServer.Data.Providers.ConnectionContext.<OpenConnection>b__0()
   vid EPiServer.Data.Providers.SqlTransientErrorsRetryPolicy.Execute[TResult](Func`1 method)
   vid EPiServer.Data.Providers.ConnectionContext.OpenConnection()
   vid EPiServer.Data.Providers.SqlDatabaseHandler.GetConnection(Boolean requireTransaction)
   vid EPiServer.Data.Providers.SqlDatabaseHandler.<>c__DisplayClass1`1.<Execute>b__0()
   vid EPiServer.Data.Providers.SqlTransientErrorsRetryPolicy.Execute[TResult](Func`1 method)
   vid EPiServer.Data.Providers.SqlDatabaseHandler.Execute[TResult](Func`1 action)
   vid EPiServer.Data.DatabaseVersionValidator.GetDatabaseVersion()
   vid EPiServer.Data.DatabaseVersionValidator.ValidateDatabaseVersion(Version supportedVersion)
   vid EPiServer.Data.DataInitialization.Initialize(InitializationEngine context)
   vid EPiServer.Framework.Initialization.ModuleNode.<>c__DisplayClass5.<Initialize>b__4()
   vid EPiServer.Framework.Initialization.ModuleNode.Execute(Action a, String key)
   vid EPiServer.Framework.Initialization.ModuleNode.Initialize(InitializationEngine context)
   vid EPiServer.Framework.Initialization.InitializationEngine.InitializeModules()
ClientConnectionId:0c858279-4a52-4b1b-8be7-a3020b6959cf
2015-04-23 11:04:29,091 [16] ERROR EPiServer.Global: 1.2.5 Unhandled exception in ASP.NET
System.Web.HttpUnhandledException (0x80004005): Exception of type 'System.Web.HttpUnhandledException' was thrown. ---> System.Web.HttpException (0x80004005): Cannot find ContentPlaceHolder 'right' in the master page '/Views/MasterPages/Site.Master', verify content control's ContentPlaceHolderID attribute in the content page.
   at System.Web.UI.MasterPage.CreateMaster(TemplateControl owner, HttpContext context, VirtualPath masterPageFile, IDictionary contentTemplateCollection)
   at System.Web.UI.Page.get_Master()
   at System.Web.UI.Page.ApplyMasterPage()
   at System.Web.UI.Page.PerformPreInit()
   at System.Web.UI.Page.ProcessRequestMain(Boolean includeStagesBeforeAsyncPoint, Boolean includeStagesAfterAsyncPoint)
   at System.Web.UI.Page.HandleError(Exception e)
   at System.Web.UI.Page.ProcessRequestMain(Boolean includeStagesBeforeAsyncPoint, Boolean includeStagesAfterAsyncPoint)
   at System.Web.UI.Page.ProcessRequest(Boolean includeStagesBeforeAsyncPoint, Boolean includeStagesAfterAsyncPoint)
   at System.Web.UI.Page.ProcessRequest()
   at System.Web.UI.Page.ProcessRequestWithNoAssert(HttpContext context)
   at System.Web.UI.Page.ProcessRequest(HttpContext context)
   at ASP.views_pages_standardpagetemplate_aspx.ProcessRequest(HttpContext context) in c:\Users\Jack\AppData\Local\Temp\Temporary ASP.NET Files\vs\f2cd1a7e\62969c41\App_Web_1ivuaxkd.1.cs:line 0
   at System.Web.HttpApplication.CallHandlerExecutionStep.System.Web.HttpApplication.IExecutionStep.Execute()
   at System.Web.HttpApplication.ExecuteStep(IExecutionStep step, Boolean& completedSynchronously)
System.Web.HttpUnhandledException (0x80004005): Exception of type 'System.Web.HttpUnhandledException' was thrown. ---> System.Web.HttpException (0x80004005): Cannot find ContentPlaceHolder 'right' in the master page '/Views/MasterPages/Site.Master', verify content control's ContentPlaceHolderID attribute in the content page.
   at System.Web.UI.MasterPage.CreateMaster(TemplateControl owner, HttpContext context, VirtualPath masterPageFile, IDictionary contentTemplateCollection)
   at System.Web.UI.Page.get_Master()
   at System.Web.UI.Page.ApplyMasterPage()
   at System.Web.UI.Page.PerformPreInit()
   at System.Web.UI.Page.ProcessRequestMain(Boolean includeStagesBeforeAsyncPoint, Boolean includeStagesAfterAsyncPoint)
   at System.Web.UI.Page.HandleError(Exception e)
   at System.Web.UI.Page.ProcessRequestMain(Boolean includeStagesBeforeAsyncPoint, Boolean includeStagesAfterAsyncPoint)
   at System.Web.UI.Page.ProcessRequest(Boolean includeStagesBeforeAsyncPoint, Boolean includeStagesAfterAsyncPoint)
   at System.Web.UI.Page.ProcessRequest()
   at System.Web.UI.Page.ProcessRequestWithNoAssert(HttpContext context)
   at System.Web.UI.Page.ProcessRequest(HttpContext context)
   at ASP.views_pages_standardpagetemplate_aspx.ProcessRequest(HttpContext context) in c:\Users\Jack\AppData\Local\Temp\Temporary ASP.NET Files\vs\f2cd1a7e\62969c41\App_Web_1ivuaxkd.1.cs:line 0
   at System.Web.HttpApplication.CallHandlerExecutionStep.System.Web.HttpApplication.IExecutionStep.Execute()
   at System.Web.HttpApplication.ExecuteStep(IExecutionStep step, Boolean& completedSynchronously)
2015-04-23 11:16:35,475 [19] ERROR EPiServer.Global: 1.2.5 Unhandled exception in ASP.NET
System.Web.HttpParseException (0x80004005): The server tag is not well formed. ---> System.Web.HttpException (0x80004005): The server tag is not well formed.
   at System.Web.UI.TemplateParser.ProcessError(String message)
   at System.Web.UI.TemplateParser.DetectSpecialServerTagError(String text, Int32 textPos)
   at System.Web.UI.TemplateParser.ParseStringInternal(String text, Encoding fileEncoding)
   at System.Web.UI.TemplateParser.ParseString(String text, VirtualPath virtualPath, Encoding fileEncoding)
   at System.Web.UI.TemplateParser.ParseString(String text, VirtualPath virtualPath, Encoding fileEncoding)
   at System.Web.UI.TemplateParser.ParseFile(String physicalPath, VirtualPath virtualPath)
   at System.Web.UI.TemplateParser.ParseInternal()
   at System.Web.UI.TemplateParser.Parse()
   at System.Web.Compilation.BaseTemplateBuildProvider.get_CodeCompilerType()
   at System.Web.Compilation.BuildProvider.GetCompilerTypeFromBuildProvider(BuildProvider buildProvider)
   at System.Web.Compilation.BuildProvidersCompiler.ProcessBuildProviders()
   at System.Web.Compilation.BuildProvidersCompiler.PerformBuild()
   at System.Web.Compilation.BuildManager.CompileWebFile(VirtualPath virtualPath)
   at System.Web.Compilation.BuildManager.GetVPathBuildResultInternal(VirtualPath virtualPath, Boolean noBuild, Boolean allowCrossApp, Boolean allowBuildInPrecompile, Boolean throwIfNotFound, Boolean ensureIsUpToDate)
   at System.Web.Compilation.BuildManager.GetVPathBuildResultWithNoAssert(HttpContext context, VirtualPath virtualPath, Boolean noBuild, Boolean allowCrossApp, Boolean allowBuildInPrecompile, Boolean throwIfNotFound, Boolean ensureIsUpToDate)
   at System.Web.Compilation.BuildManager.GetVirtualPathObjectFactory(VirtualPath virtualPath, HttpContext context, Boolean allowCrossApp, Boolean throwIfNotFound)
   at System.Web.Compilation.BuildManager.CreateInstanceFromVirtualPath(VirtualPath virtualPath, Type requiredBaseType, HttpContext context, Boolean allowCrossApp)
   at System.Web.Routing.PageRouteHandler.GetHttpHandler(RequestContext requestContext)
   at EPiServer.Web.Routing.MultiplexingRouteHandler.GetHttpHandler(RequestContext requestContext)
   at System.Web.Routing.UrlRoutingModule.PostResolveRequestCache(HttpContextBase context)
   at System.Web.Routing.UrlRoutingModule.OnApplicationPostResolveRequestCache(Object sender, EventArgs e)
   at System.Web.HttpApplication.SyncEventExecutionStep.System.Web.HttpApplication.IExecutionStep.Execute()
   at System.Web.HttpApplication.ExecuteStep(IExecutionStep step, Boolean& completedSynchronously)
System.Web.HttpParseException (0x80004005): The server tag is not well formed. ---> System.Web.HttpException (0x80004005): The server tag is not well formed.
   at System.Web.UI.TemplateParser.ProcessError(String message)
   at System.Web.UI.TemplateParser.DetectSpecialServerTagError(String text, Int32 textPos)
   at System.Web.UI.TemplateParser.ParseStringInternal(String text, Encoding fileEncoding)
   at System.Web.UI.TemplateParser.ParseString(String text, VirtualPath virtualPath, Encoding fileEncoding)
   at System.Web.UI.TemplateParser.ParseString(String text, VirtualPath virtualPath, Encoding fileEncoding)
   at System.Web.UI.TemplateParser.ParseFile(String physicalPath, VirtualPath virtualPath)
   at System.Web.UI.TemplateParser.ParseInternal()
   at System.Web.UI.TemplateParser.Parse()
   at System.Web.Compilation.BaseTemplateBuildProvider.get_CodeCompilerType()
   at System.Web.Compilation.BuildProvider.GetCompilerTypeFromBuildProvider(BuildProvider buildProvider)
   at System.Web.Compilation.BuildProvidersCompiler.ProcessBuildProviders()
   at System.Web.Compilation.BuildProvidersCompiler.PerformBuild()
   at System.Web.Compilation.BuildManager.CompileWebFile(VirtualPath virtualPath)
   at System.Web.Compilation.BuildManager.GetVPathBuildResultInternal(VirtualPath virtualPath, Boolean noBuild, Boolean allowCrossApp, Boolean allowBuildInPrecompile, Boolean throwIfNotFound, Boolean ensureIsUpToDate)
   at System.Web.Compilation.BuildManager.GetVPathBuildResultWithNoAssert(HttpContext context, VirtualPath virtualPath, Boolean noBuild, Boolean allowCrossApp, Boolean allowBuildInPrecompile, Boolean throwIfNotFound, Boolean ensureIsUpToDate)
   at System.Web.Compilation.BuildManager.GetVirtualPathObjectFactory(VirtualPath virtualPath, HttpContext context, Boolean allowCrossApp, Boolean throwIfNotFound)
   at System.Web.Compilation.BuildManager.CreateInstanceFromVirtualPath(VirtualPath virtualPath, Type requiredBaseType, HttpContext context, Boolean allowCrossApp)
   at System.Web.Routing.PageRouteHandler.GetHttpHandler(RequestContext requestContext)
   at EPiServer.Web.Routing.MultiplexingRouteHandler.GetHttpHandler(RequestContext requestContext)
   at System.Web.Routing.UrlRoutingModule.PostResolveRequestCache(HttpContextBase context)
   at System.Web.Routing.UrlRoutingModule.OnApplicationPostResolveRequestCache(Object sender, EventArgs e)
   at System.Web.HttpApplication.SyncEventExecutionStep.System.Web.HttpApplication.IExecutionStep.Execute()
   at System.Web.HttpApplication.ExecuteStep(IExecutionStep step, Boolean& completedSynchronously)
2015-04-23 11:25:40,503 [1] ERROR EPiServer.Framework.Initialization.InitializationEngine: Initialize action failed for Initialize on class EPiServer.Data.DataInitialization, EPiServer.Data, Version=8.0.0.0, Culture=neutral, PublicKeyToken=8fe83dea738b45b7
System.Data.SqlClient.SqlException (0x80131904): Cannot open database "EPiServerDB_f8a16d32" requested by the login. The login failed.
Login failed for user 'JackPC\Jack'.
   vid System.Data.SqlClient.SqlInternalConnection.OnError(SqlException exception, Boolean breakConnection, Action`1 wrapCloseInAction)
   vid System.Data.SqlClient.TdsParser.ThrowExceptionAndWarning(TdsParserStateObject stateObj, Boolean callerHasConnectionLock, Boolean asyncClose)
   vid System.Data.SqlClient.TdsParser.TryRun(RunBehavior runBehavior, SqlCommand cmdHandler, SqlDataReader dataStream, BulkCopySimpleResultSet bulkCopyHandler, TdsParserStateObject stateObj, Boolean& dataReady)
   vid System.Data.SqlClient.TdsParser.Run(RunBehavior runBehavior, SqlCommand cmdHandler, SqlDataReader dataStream, BulkCopySimpleResultSet bulkCopyHandler, TdsParserStateObject stateObj)
   vid System.Data.SqlClient.SqlInternalConnectionTds.CompleteLogin(Boolean enlistOK)
   vid System.Data.SqlClient.SqlInternalConnectionTds.AttemptOneLogin(ServerInfo serverInfo, String newPassword, SecureString newSecurePassword, Boolean ignoreSniOpenTimeout, TimeoutTimer timeout, Boolean withFailover)
   vid System.Data.SqlClient.SqlInternalConnectionTds.LoginNoFailover(ServerInfo serverInfo, String newPassword, SecureString newSecurePassword, Boolean redirectedUserInstance, SqlConnectionString connectionOptions, SqlCredential credential, TimeoutTimer timeout)
   vid System.Data.SqlClient.SqlInternalConnectionTds.OpenLoginEnlist(TimeoutTimer timeout, SqlConnectionString connectionOptions, SqlCredential credential, String newPassword, SecureString newSecurePassword, Boolean redirectedUserInstance)
   vid System.Data.SqlClient.SqlInternalConnectionTds..ctor(DbConnectionPoolIdentity identity, SqlConnectionString connectionOptions, SqlCredential credential, Object providerInfo, String newPassword, SecureString newSecurePassword, Boolean redirectedUserInstance, SqlConnectionString userConnectionOptions, SessionData reconnectSessionData)
   vid System.Data.SqlClient.SqlConnectionFactory.CreateConnection(DbConnectionOptions options, DbConnectionPoolKey poolKey, Object poolGroupProviderInfo, DbConnectionPool pool, DbConnection owningConnection, DbConnectionOptions userOptions)
   vid System.Data.ProviderBase.DbConnectionFactory.CreatePooledConnection(DbConnectionPool pool, DbConnection owningObject, DbConnectionOptions options, DbConnectionPoolKey poolKey, DbConnectionOptions userOptions)
   vid System.Data.ProviderBase.DbConnectionPool.CreateObject(DbConnection owningObject, DbConnectionOptions userOptions, DbConnectionInternal oldConnection)
   vid System.Data.ProviderBase.DbConnectionPool.UserCreateRequest(DbConnection owningObject, DbConnectionOptions userOptions, DbConnectionInternal oldConnection)
   vid System.Data.ProviderBase.DbConnectionPool.TryGetConnection(DbConnection owningObject, UInt32 waitForMultipleObjectsTimeout, Boolean allowCreate, Boolean onlyOneCheckConnection, DbConnectionOptions userOptions, DbConnectionInternal& connection)
   vid System.Data.ProviderBase.DbConnectionPool.TryGetConnection(DbConnection owningObject, TaskCompletionSource`1 retry, DbConnectionOptions userOptions, DbConnectionInternal& connection)
   vid System.Data.ProviderBase.DbConnectionFactory.TryGetConnection(DbConnection owningConnection, TaskCompletionSource`1 retry, DbConnectionOptions userOptions, DbConnectionInternal oldConnection, DbConnectionInternal& connection)
   vid System.Data.ProviderBase.DbConnectionInternal.TryOpenConnectionInternal(DbConnection outerConnection, DbConnectionFactory connectionFactory, TaskCompletionSource`1 retry, DbConnectionOptions userOptions)
   vid System.Data.ProviderBase.DbConnectionClosed.TryOpenConnection(DbConnection outerConnection, DbConnectionFactory connectionFactory, TaskCompletionSource`1 retry, DbConnectionOptions userOptions)
   vid System.Data.SqlClient.SqlConnection.TryOpenInner(TaskCompletionSource`1 retry)
   vid System.Data.SqlClient.SqlConnection.TryOpen(TaskCompletionSource`1 retry)
   vid System.Data.SqlClient.SqlConnection.Open()
   vid EPiServer.Data.Providers.ConnectionContext.<OpenConnection>b__0()
   vid EPiServer.Data.Providers.SqlTransientErrorsRetryPolicy.Execute[TResult](Func`1 method)
   vid EPiServer.Data.Providers.ConnectionContext.OpenConnection()
   vid EPiServer.Data.Providers.SqlDatabaseHandler.GetConnection(Boolean requireTransaction)
   vid EPiServer.Data.Providers.SqlDatabaseHandler.<>c__DisplayClass1`1.<Execute>b__0()
   vid EPiServer.Data.Providers.SqlTransientErrorsRetryPolicy.Execute[TResult](Func`1 method)
   vid EPiServer.Data.Providers.SqlDatabaseHandler.Execute[TResult](Func`1 action)
   vid EPiServer.Data.DatabaseVersionValidator.GetDatabaseVersion()
   vid EPiServer.Data.DatabaseVersionValidator.ValidateDatabaseVersion(Version supportedVersion)
   vid EPiServer.Data.DataInitialization.Initialize(InitializationEngine context)
   vid EPiServer.Framework.Initialization.ModuleNode.<>c__DisplayClass5.<Initialize>b__4()
   vid EPiServer.Framework.Initialization.ModuleNode.Execute(Action a, String key)
   vid EPiServer.Framework.Initialization.ModuleNode.Initialize(InitializationEngine context)
   vid EPiServer.Framework.Initialization.InitializationEngine.InitializeModules()
ClientConnectionId:e8e18c30-3fb2-4e10-bb87-58bfbad88b12
System.Data.SqlClient.SqlException (0x80131904): Cannot open database "EPiServerDB_f8a16d32" requested by the login. The login failed.
Login failed for user 'JackPC\Jack'.
   vid System.Data.SqlClient.SqlInternalConnection.OnError(SqlException exception, Boolean breakConnection, Action`1 wrapCloseInAction)
   vid System.Data.SqlClient.TdsParser.ThrowExceptionAndWarning(TdsParserStateObject stateObj, Boolean callerHasConnectionLock, Boolean asyncClose)
   vid System.Data.SqlClient.TdsParser.TryRun(RunBehavior runBehavior, SqlCommand cmdHandler, SqlDataReader dataStream, BulkCopySimpleResultSet bulkCopyHandler, TdsParserStateObject stateObj, Boolean& dataReady)
   vid System.Data.SqlClient.TdsParser.Run(RunBehavior runBehavior, SqlCommand cmdHandler, SqlDataReader dataStream, BulkCopySimpleResultSet bulkCopyHandler, TdsParserStateObject stateObj)
   vid System.Data.SqlClient.SqlInternalConnectionTds.CompleteLogin(Boolean enlistOK)
   vid System.Data.SqlClient.SqlInternalConnectionTds.AttemptOneLogin(ServerInfo serverInfo, String newPassword, SecureString newSecurePassword, Boolean ignoreSniOpenTimeout, TimeoutTimer timeout, Boolean withFailover)
   vid System.Data.SqlClient.SqlInternalConnectionTds.LoginNoFailover(ServerInfo serverInfo, String newPassword, SecureString newSecurePassword, Boolean redirectedUserInstance, SqlConnectionString connectionOptions, SqlCredential credential, TimeoutTimer timeout)
   vid System.Data.SqlClient.SqlInternalConnectionTds.OpenLoginEnlist(TimeoutTimer timeout, SqlConnectionString connectionOptions, SqlCredential credential, String newPassword, SecureString newSecurePassword, Boolean redirectedUserInstance)
   vid System.Data.SqlClient.SqlInternalConnectionTds..ctor(DbConnectionPoolIdentity identity, SqlConnectionString connectionOptions, SqlCredential credential, Object providerInfo, String newPassword, SecureString newSecurePassword, Boolean redirectedUserInstance, SqlConnectionString userConnectionOptions, SessionData reconnectSessionData)
   vid System.Data.SqlClient.SqlConnectionFactory.CreateConnection(DbConnectionOptions options, DbConnectionPoolKey poolKey, Object poolGroupProviderInfo, DbConnectionPool pool, DbConnection owningConnection, DbConnectionOptions userOptions)
   vid System.Data.ProviderBase.DbConnectionFactory.CreatePooledConnection(DbConnectionPool pool, DbConnection owningObject, DbConnectionOptions options, DbConnectionPoolKey poolKey, DbConnectionOptions userOptions)
   vid System.Data.ProviderBase.DbConnectionPool.CreateObject(DbConnection owningObject, DbConnectionOptions userOptions, DbConnectionInternal oldConnection)
   vid System.Data.ProviderBase.DbConnectionPool.UserCreateRequest(DbConnection owningObject, DbConnectionOptions userOptions, DbConnectionInternal oldConnection)
   vid System.Data.ProviderBase.DbConnectionPool.TryGetConnection(DbConnection owningObject, UInt32 waitForMultipleObjectsTimeout, Boolean allowCreate, Boolean onlyOneCheckConnection, DbConnectionOptions userOptions, DbConnectionInternal& connection)
   vid System.Data.ProviderBase.DbConnectionPool.TryGetConnection(DbConnection owningObject, TaskCompletionSource`1 retry, DbConnectionOptions userOptions, DbConnectionInternal& connection)
   vid System.Data.ProviderBase.DbConnectionFactory.TryGetConnection(DbConnection owningConnection, TaskCompletionSource`1 retry, DbConnectionOptions userOptions, DbConnectionInternal oldConnection, DbConnectionInternal& connection)
   vid System.Data.ProviderBase.DbConnectionInternal.TryOpenConnectionInternal(DbConnection outerConnection, DbConnectionFactory connectionFactory, TaskCompletionSource`1 retry, DbConnectionOptions userOptions)
   vid System.Data.ProviderBase.DbConnectionClosed.TryOpenConnection(DbConnection outerConnection, DbConnectionFactory connectionFactory, TaskCompletionSource`1 retry, DbConnectionOptions userOptions)
   vid System.Data.SqlClient.SqlConnection.TryOpenInner(TaskCompletionSource`1 retry)
   vid System.Data.SqlClient.SqlConnection.TryOpen(TaskCompletionSource`1 retry)
   vid System.Data.SqlClient.SqlConnection.Open()
   vid EPiServer.Data.Providers.ConnectionContext.<OpenConnection>b__0()
   vid EPiServer.Data.Providers.SqlTransientErrorsRetryPolicy.Execute[TResult](Func`1 method)
   vid EPiServer.Data.Providers.ConnectionContext.OpenConnection()
   vid EPiServer.Data.Providers.SqlDatabaseHandler.GetConnection(Boolean requireTransaction)
   vid EPiServer.Data.Providers.SqlDatabaseHandler.<>c__DisplayClass1`1.<Execute>b__0()
   vid EPiServer.Data.Providers.SqlTransientErrorsRetryPolicy.Execute[TResult](Func`1 method)
   vid EPiServer.Data.Providers.SqlDatabaseHandler.Execute[TResult](Func`1 action)
   vid EPiServer.Data.DatabaseVersionValidator.GetDatabaseVersion()
   vid EPiServer.Data.DatabaseVersionValidator.ValidateDatabaseVersion(Version supportedVersion)
   vid EPiServer.Data.DataInitialization.Initialize(InitializationEngine context)
   vid EPiServer.Framework.Initialization.ModuleNode.<>c__DisplayClass5.<Initialize>b__4()
   vid EPiServer.Framework.Initialization.ModuleNode.Execute(Action a, String key)
   vid EPiServer.Framework.Initialization.ModuleNode.Initialize(InitializationEngine context)
   vid EPiServer.Framework.Initialization.InitializationEngine.InitializeModules()
ClientConnectionId:e8e18c30-3fb2-4e10-bb87-58bfbad88b12
2015-04-23 12:23:02,065 [1] ERROR EPiServer.Framework.Initialization.InitializationEngine: Initialize action failed for Initialize on class EPiServer.Data.DataInitialization, EPiServer.Data, Version=8.0.0.0, Culture=neutral, PublicKeyToken=8fe83dea738b45b7
System.Data.SqlClient.SqlException (0x80131904): Unable to open the physical file "C:\Users\Jack\Source\Repos\episerver\ProjektUppgiftEPi\ProjektUppgiftEPi\App_Data\EPiServerDB_f8a16d32_log.ldf". Operating system error 32: "32(Det går inte att komma åt filen eftersom den  används av en annan process.)".
Cannot create file 'C:\Users\Jack\Source\Repos\episerver\ProjektUppgiftEPi\ProjektUppgiftEPi\App_Data\EPiServerDB_f8a16d32_log.ldf' because it already exists. Change the file path or the file name, and retry the operation.
Cannot open database "EPiServerDB_f8a16d32" requested by the login. The login failed.
Login failed for user 'JackPC\Jack'.
File activation failure. The physical file name "C:\Users\Jack\Source\Repos\episerver\ProjektUppgiftEPi\ProjektUppgiftEPi\App_Data\EPiServerDB_f8a16d32_log.ldf" may be incorrect.
   vid System.Data.SqlClient.SqlInternalConnection.OnError(SqlException exception, Boolean breakConnection, Action`1 wrapCloseInAction)
   vid System.Data.SqlClient.TdsParser.ThrowExceptionAndWarning(TdsParserStateObject stateObj, Boolean callerHasConnectionLock, Boolean asyncClose)
   vid System.Data.SqlClient.TdsParser.TryRun(RunBehavior runBehavior, SqlCommand cmdHandler, SqlDataReader dataStream, BulkCopySimpleResultSet bulkCopyHandler, TdsParserStateObject stateObj, Boolean& dataReady)
   vid System.Data.SqlClient.TdsParser.Run(RunBehavior runBehavior, SqlCommand cmdHandler, SqlDataReader dataStream, BulkCopySimpleResultSet bulkCopyHandler, TdsParserStateObject stateObj)
   vid System.Data.SqlClient.SqlInternalConnectionTds.CompleteLogin(Boolean enlistOK)
   vid System.Data.SqlClient.SqlInternalConnectionTds.AttemptOneLogin(ServerInfo serverInfo, String newPassword, SecureString newSecurePassword, Boolean ignoreSniOpenTimeout, TimeoutTimer timeout, Boolean withFailover)
   vid System.Data.SqlClient.SqlInternalConnectionTds.LoginNoFailover(ServerInfo serverInfo, String newPassword, SecureString newSecurePassword, Boolean redirectedUserInstance, SqlConnectionString connectionOptions, SqlCredential credential, TimeoutTimer timeout)
   vid System.Data.SqlClient.SqlInternalConnectionTds.OpenLoginEnlist(TimeoutTimer timeout, SqlConnectionString connectionOptions, SqlCredential credential, String newPassword, SecureString newSecurePassword, Boolean redirectedUserInstance)
   vid System.Data.SqlClient.SqlInternalConnectionTds..ctor(DbConnectionPoolIdentity identity, SqlConnectionString connectionOptions, SqlCredential credential, Object providerInfo, String newPassword, SecureString newSecurePassword, Boolean redirectedUserInstance, SqlConnectionString userConnectionOptions, SessionData reconnectSessionData)
   vid System.Data.SqlClient.SqlConnectionFactory.CreateConnection(DbConnectionOptions options, DbConnectionPoolKey poolKey, Object poolGroupProviderInfo, DbConnectionPool pool, DbConnection owningConnection, DbConnectionOptions userOptions)
   vid System.Data.ProviderBase.DbConnectionFactory.CreatePooledConnection(DbConnectionPool pool, DbConnection owningObject, DbConnectionOptions options, DbConnectionPoolKey poolKey, DbConnectionOptions userOptions)
   vid System.Data.ProviderBase.DbConnectionPool.CreateObject(DbConnection owningObject, DbConnectionOptions userOptions, DbConnectionInternal oldConnection)
   vid System.Data.ProviderBase.DbConnectionPool.UserCreateRequest(DbConnection owningObject, DbConnectionOptions userOptions, DbConnectionInternal oldConnection)
   vid System.Data.ProviderBase.DbConnectionPool.TryGetConnection(DbConnection owningObject, UInt32 waitForMultipleObjectsTimeout, Boolean allowCreate, Boolean onlyOneCheckConnection, DbConnectionOptions userOptions, DbConnectionInternal& connection)
   vid System.Data.ProviderBase.DbConnectionPool.TryGetConnection(DbConnection owningObject, TaskCompletionSource`1 retry, DbConnectionOptions userOptions, DbConnectionInternal& connection)
   vid System.Data.ProviderBase.DbConnectionFactory.TryGetConnection(DbConnection owningConnection, TaskCompletionSource`1 retry, DbConnectionOptions userOptions, DbConnectionInternal oldConnection, DbConnectionInternal& connection)
   vid System.Data.ProviderBase.DbConnectionInternal.TryOpenConnectionInternal(DbConnection outerConnection, DbConnectionFactory connectionFactory, TaskCompletionSource`1 retry, DbConnectionOptions userOptions)
   vid System.Data.ProviderBase.DbConnectionClosed.TryOpenConnection(DbConnection outerConnection, DbConnectionFactory connectionFactory, TaskCompletionSource`1 retry, DbConnectionOptions userOptions)
   vid System.Data.SqlClient.SqlConnection.TryOpenInner(TaskCompletionSource`1 retry)
   vid System.Data.SqlClient.SqlConnection.TryOpen(TaskCompletionSource`1 retry)
   vid System.Data.SqlClient.SqlConnection.Open()
   vid EPiServer.Data.Providers.ConnectionContext.<OpenConnection>b__0()
   vid EPiServer.Data.Providers.SqlTransientErrorsRetryPolicy.Execute[TResult](Func`1 method)
   vid EPiServer.Data.Providers.ConnectionContext.OpenConnection()
   vid EPiServer.Data.Providers.SqlDatabaseHandler.GetConnection(Boolean requireTransaction)
   vid EPiServer.Data.Providers.SqlDatabaseHandler.<>c__DisplayClass1`1.<Execute>b__0()
   vid EPiServer.Data.Providers.SqlTransientErrorsRetryPolicy.Execute[TResult](Func`1 method)
   vid EPiServer.Data.Providers.SqlDatabaseHandler.Execute[TResult](Func`1 action)
   vid EPiServer.Data.DatabaseVersionValidator.GetDatabaseVersion()
   vid EPiServer.Data.DatabaseVersionValidator.ValidateDatabaseVersion(Version supportedVersion)
   vid EPiServer.Data.DataInitialization.Initialize(InitializationEngine context)
   vid EPiServer.Framework.Initialization.ModuleNode.<>c__DisplayClass5.<Initialize>b__4()
   vid EPiServer.Framework.Initialization.ModuleNode.Execute(Action a, String key)
   vid EPiServer.Framework.Initialization.ModuleNode.Initialize(InitializationEngine context)
   vid EPiServer.Framework.Initialization.InitializationEngine.InitializeModules()
ClientConnectionId:6df50cdf-f426-4455-8694-b7911f27591c
System.Data.SqlClient.SqlException (0x80131904): Unable to open the physical file "C:\Users\Jack\Source\Repos\episerver\ProjektUppgiftEPi\ProjektUppgiftEPi\App_Data\EPiServerDB_f8a16d32_log.ldf". Operating system error 32: "32(Det går inte att komma åt filen eftersom den  används av en annan process.)".
Cannot create file 'C:\Users\Jack\Source\Repos\episerver\ProjektUppgiftEPi\ProjektUppgiftEPi\App_Data\EPiServerDB_f8a16d32_log.ldf' because it already exists. Change the file path or the file name, and retry the operation.
Cannot open database "EPiServerDB_f8a16d32" requested by the login. The login failed.
Login failed for user 'JackPC\Jack'.
File activation failure. The physical file name "C:\Users\Jack\Source\Repos\episerver\ProjektUppgiftEPi\ProjektUppgiftEPi\App_Data\EPiServerDB_f8a16d32_log.ldf" may be incorrect.
   vid System.Data.SqlClient.SqlInternalConnection.OnError(SqlException exception, Boolean breakConnection, Action`1 wrapCloseInAction)
   vid System.Data.SqlClient.TdsParser.ThrowExceptionAndWarning(TdsParserStateObject stateObj, Boolean callerHasConnectionLock, Boolean asyncClose)
   vid System.Data.SqlClient.TdsParser.TryRun(RunBehavior runBehavior, SqlCommand cmdHandler, SqlDataReader dataStream, BulkCopySimpleResultSet bulkCopyHandler, TdsParserStateObject stateObj, Boolean& dataReady)
   vid System.Data.SqlClient.TdsParser.Run(RunBehavior runBehavior, SqlCommand cmdHandler, SqlDataReader dataStream, BulkCopySimpleResultSet bulkCopyHandler, TdsParserStateObject stateObj)
   vid System.Data.SqlClient.SqlInternalConnectionTds.CompleteLogin(Boolean enlistOK)
   vid System.Data.SqlClient.SqlInternalConnectionTds.AttemptOneLogin(ServerInfo serverInfo, String newPassword, SecureString newSecurePassword, Boolean ignoreSniOpenTimeout, TimeoutTimer timeout, Boolean withFailover)
   vid System.Data.SqlClient.SqlInternalConnectionTds.LoginNoFailover(ServerInfo serverInfo, String newPassword, SecureString newSecurePassword, Boolean redirectedUserInstance, SqlConnectionString connectionOptions, SqlCredential credential, TimeoutTimer timeout)
   vid System.Data.SqlClient.SqlInternalConnectionTds.OpenLoginEnlist(TimeoutTimer timeout, SqlConnectionString connectionOptions, SqlCredential credential, String newPassword, SecureString newSecurePassword, Boolean redirectedUserInstance)
   vid System.Data.SqlClient.SqlInternalConnectionTds..ctor(DbConnectionPoolIdentity identity, SqlConnectionString connectionOptions, SqlCredential credential, Object providerInfo, String newPassword, SecureString newSecurePassword, Boolean redirectedUserInstance, SqlConnectionString userConnectionOptions, SessionData reconnectSessionData)
   vid System.Data.SqlClient.SqlConnectionFactory.CreateConnection(DbConnectionOptions options, DbConnectionPoolKey poolKey, Object poolGroupProviderInfo, DbConnectionPool pool, DbConnection owningConnection, DbConnectionOptions userOptions)
   vid System.Data.ProviderBase.DbConnectionFactory.CreatePooledConnection(DbConnectionPool pool, DbConnection owningObject, DbConnectionOptions options, DbConnectionPoolKey poolKey, DbConnectionOptions userOptions)
   vid System.Data.ProviderBase.DbConnectionPool.CreateObject(DbConnection owningObject, DbConnectionOptions userOptions, DbConnectionInternal oldConnection)
   vid System.Data.ProviderBase.DbConnectionPool.UserCreateRequest(DbConnection owningObject, DbConnectionOptions userOptions, DbConnectionInternal oldConnection)
   vid System.Data.ProviderBase.DbConnectionPool.TryGetConnection(DbConnection owningObject, UInt32 waitForMultipleObjectsTimeout, Boolean allowCreate, Boolean onlyOneCheckConnection, DbConnectionOptions userOptions, DbConnectionInternal& connection)
   vid System.Data.ProviderBase.DbConnectionPool.TryGetConnection(DbConnection owningObject, TaskCompletionSource`1 retry, DbConnectionOptions userOptions, DbConnectionInternal& connection)
   vid System.Data.ProviderBase.DbConnectionFactory.TryGetConnection(DbConnection owningConnection, TaskCompletionSource`1 retry, DbConnectionOptions userOptions, DbConnectionInternal oldConnection, DbConnectionInternal& connection)
   vid System.Data.ProviderBase.DbConnectionInternal.TryOpenConnectionInternal(DbConnection outerConnection, DbConnectionFactory connectionFactory, TaskCompletionSource`1 retry, DbConnectionOptions userOptions)
   vid System.Data.ProviderBase.DbConnectionClosed.TryOpenConnection(DbConnection outerConnection, DbConnectionFactory connectionFactory, TaskCompletionSource`1 retry, DbConnectionOptions userOptions)
   vid System.Data.SqlClient.SqlConnection.TryOpenInner(TaskCompletionSource`1 retry)
   vid System.Data.SqlClient.SqlConnection.TryOpen(TaskCompletionSource`1 retry)
   vid System.Data.SqlClient.SqlConnection.Open()
   vid EPiServer.Data.Providers.ConnectionContext.<OpenConnection>b__0()
   vid EPiServer.Data.Providers.SqlTransientErrorsRetryPolicy.Execute[TResult](Func`1 method)
   vid EPiServer.Data.Providers.ConnectionContext.OpenConnection()
   vid EPiServer.Data.Providers.SqlDatabaseHandler.GetConnection(Boolean requireTransaction)
   vid EPiServer.Data.Providers.SqlDatabaseHandler.<>c__DisplayClass1`1.<Execute>b__0()
   vid EPiServer.Data.Providers.SqlTransientErrorsRetryPolicy.Execute[TResult](Func`1 method)
   vid EPiServer.Data.Providers.SqlDatabaseHandler.Execute[TResult](Func`1 action)
   vid EPiServer.Data.DatabaseVersionValidator.GetDatabaseVersion()
   vid EPiServer.Data.DatabaseVersionValidator.ValidateDatabaseVersion(Version supportedVersion)
   vid EPiServer.Data.DataInitialization.Initialize(InitializationEngine context)
   vid EPiServer.Framework.Initialization.ModuleNode.<>c__DisplayClass5.<Initialize>b__4()
   vid EPiServer.Framework.Initialization.ModuleNode.Execute(Action a, String key)
   vid EPiServer.Framework.Initialization.ModuleNode.Initialize(InitializationEngine context)
   vid EPiServer.Framework.Initialization.InitializationEngine.InitializeModules()
ClientConnectionId:6df50cdf-f426-4455-8694-b7911f27591c
